0 verbose cli /usr/bin/node /usr/bin/npm
1 info using npm@8.19.4
2 info using node@v16.20.2
3 timing npm:load:whichnode Completed in 1ms
4 timing config:load:defaults Completed in 5ms
5 timing config:load:file:/usr/lib/node_modules/npm/npmrc Completed in 8ms
6 timing config:load:builtin Completed in 8ms
7 timing config:load:cli Completed in 5ms
8 timing config:load:env Completed in 2ms
9 timing config:load:file:/home/prathmesh/practice/Experiment/Experimental/ALL/.npmrc Completed in 1ms
10 timing config:load:project Completed in 10ms
11 timing config:load:file:/home/prathmesh/.npmrc Completed in 1ms
12 timing config:load:user Completed in 1ms
13 timing config:load:file:/etc/npmrc Completed in 5ms
14 timing config:load:global Completed in 5ms
15 timing config:load:validate Completed in 1ms
16 timing config:load:credentials Completed in 4ms
17 timing config:load:setEnvs Completed in 2ms
18 timing config:load Completed in 44ms
19 timing npm:load:configload Completed in 45ms
20 timing npm:load:mkdirpcache Completed in 4ms
21 timing npm:load:mkdirplogs Completed in 2ms
22 verbose title npm start
23 verbose argv "start"
24 timing npm:load:setTitle Completed in 4ms
25 timing config:load:flatten Completed in 12ms
26 timing npm:load:display Completed in 19ms
27 verbose logfile logs-max:10 dir:/home/prathmesh/.npm/_logs
28 verbose logfile /home/prathmesh/.npm/_logs/2024-05-07T13_23_08_741Z-debug-0.log
29 timing npm:load:logFile Completed in 18ms
30 timing npm:load:timers Completed in 1ms
31 timing npm:load:configScope Completed in 0ms
32 timing npm:load Completed in 96ms
33 silly logfile start cleaning logs, removing 1 files
34 silly logfile done cleaning log files
