0 verbose cli /usr/bin/node /usr/bin/npm
1 info using npm@8.19.4
2 info using node@v16.20.2
3 timing npm:load:whichnode Completed in 1ms
4 timing config:load:defaults Completed in 8ms
5 timing config:load:file:/usr/lib/node_modules/npm/npmrc Completed in 12ms
6 timing config:load:builtin Completed in 13ms
7 timing config:load:cli Completed in 4ms
8 timing config:load:env Completed in 1ms
9 timing config:load:file:/home/prathmesh/practice/Experiment/Experimental/ALL/.npmrc Completed in 2ms
10 timing config:load:project Completed in 16ms
11 timing config:load:file:/home/prathmesh/.npmrc Completed in 0ms
12 timing config:load:user Completed in 3ms
13 timing config:load:file:/etc/npmrc Completed in 3ms
14 timing config:load:global Completed in 5ms
15 timing config:load:validate Completed in 3ms
16 timing config:load:credentials Completed in 4ms
17 timing config:load:setEnvs Completed in 5ms
18 timing config:load Completed in 65ms
19 timing npm:load:configload Completed in 66ms
20 timing npm:load:mkdirpcache Completed in 11ms
21 timing npm:load:mkdirplogs Completed in 4ms
22 verbose title npm start
23 verbose argv "start"
24 timing npm:load:setTitle Completed in 6ms
25 timing config:load:flatten Completed in 18ms
26 timing npm:load:display Completed in 35ms
27 verbose logfile logs-max:10 dir:/home/prathmesh/.npm/_logs
28 verbose logfile /home/prathmesh/.npm/_logs/2024-05-07T12_36_54_769Z-debug-0.log
29 timing npm:load:logFile Completed in 32ms
30 timing npm:load:timers Completed in 0ms
31 timing npm:load:configScope Completed in 0ms
32 timing npm:load Completed in 161ms
33 silly logfile start cleaning logs, removing 1 files
34 silly logfile done cleaning log files
